<?xml version="1.0" encoding="UTF-8"?>
<testng-results skipped="0" failed="0" ignored="0" total="1" passed="1">
  <reporter-output>
  </reporter-output>
  <suite name="Command line suite" duration-ms="80" started-at="2021-04-30T15:16:46 IST" finished-at="2021-04-30T15:16:46 IST">
    <groups>
    </groups>
    <test name="Command line test" duration-ms="80" started-at="2021-04-30T15:16:46 IST" finished-at="2021-04-30T15:16:46 IST">
      <class name="TestSandipDummyMaven.AppTest">
        <test-method status="PASS" signature="testApp()" name="testApp" duration-ms="31" started-at="2021-04-30T15:16:46 IST" finished-at="2021-04-30T15:16:46 IST">
          <reporter-output>
          </reporter-output>
        </test-method> <!-- testApp -->
      </class> <!-- TestSandipDummyMaven.AppTest -->
    </test> <!-- Command line test -->
  </suite> <!-- Command line suite -->
</testng-results>
