<?xml version="1.0" encoding="UTF-8"?>
<!-- Generated by org.testng.reporters.JUnitXMLReporter -->
<testsuite hostname="DESKTOP-DSOBDDG" ignored="0" name="Test" tests="1" failures="1" timestamp="2021-05-23T12:10:05 IST" time="10.023" errors="0">
  <testcase name="invokebrowser" time="9.918" classname="TestSandipDummyMaven.ExtentReport">
    <failure type="java.lang.AssertionError" message="expected [Practice Page page page] but found [Practice Page]">
      <![CDATA[java.lang.AssertionError: expected [Practice Page page page] but found [Practice Page]
at TestSandipDummyMaven.ExtentReport.invokebrowser(ExtentReport.java:45)
at java.util.ArrayList.forEach(Unknown Source)
... Removed 32 stack frames]]>
    </failure>
  </testcase> <!-- invokebrowser -->
</testsuite> <!-- Test -->
