<?xml version="1.0" encoding="UTF-8"?>
<testng-results skipped="0" failed="0" ignored="0" total="4" passed="4">
  <reporter-output>
  </reporter-output>
  <suite name="Command line suite" duration-ms="90" started-at="2021-04-30T15:16:46 IST" finished-at="2021-04-30T15:16:46 IST">
    <groups>
    </groups>
    <test name="Command line test" duration-ms="90" started-at="2021-04-30T15:16:46 IST" finished-at="2021-04-30T15:16:46 IST">
      <class name="TestSandipDummyMaven.Scenario2Test">
        <test-method status="PASS" signature="test2()[pri:0, instance:TestSandipDummyMaven.Scenario2Test@2038ae61]" name="test2" duration-ms="10" started-at="2021-04-30T15:16:46 IST" finished-at="2021-04-30T15:16:46 IST">
          <reporter-output>
          </reporter-output>
        </test-method> <!-- test2 -->
        <test-method status="PASS" signature="test21()[pri:0, instance:TestSandipDummyMaven.Scenario2Test@2038ae61]" name="test21" duration-ms="4" started-at="2021-04-30T15:16:46 IST" finished-at="2021-04-30T15:16:46 IST">
          <reporter-output>
          </reporter-output>
        </test-method> <!-- test21 -->
      </class> <!-- TestSandipDummyMaven.Scenario2Test -->
      <class name="TestSandipDummyMaven.ScenarioTest">
        <test-method status="PASS" signature="test1()[pri:0, instance:TestSandipDummyMaven.ScenarioTest@3c0f93f1]" name="test1" duration-ms="0" started-at="2021-04-30T15:16:46 IST" finished-at="2021-04-30T15:16:46 IST">
          <reporter-output>
          </reporter-output>
        </test-method> <!-- test1 -->
        <test-method status="PASS" signature="test11()[pri:0, instance:TestSandipDummyMaven.ScenarioTest@3c0f93f1]" name="test11" duration-ms="0" started-at="2021-04-30T15:16:46 IST" finished-at="2021-04-30T15:16:46 IST">
          <reporter-output>
          </reporter-output>
        </test-method> <!-- test11 -->
      </class> <!-- TestSandipDummyMaven.ScenarioTest -->
    </test> <!-- Command line test -->
  </suite> <!-- Command line suite -->
</testng-results>
