<?xml version="1.0" encoding="UTF-8"?>
<!-- Generated by org.testng.reporters.JUnitXMLReporter -->
<testsuite hostname="DESKTOP-DSOBDDG" ignored="0" name="Test" tests="4" failures="0" timestamp="2021-04-30T21:12:48 IST" time="0.088" errors="0">
  <testcase name="test1" time="0.007" classname="TestSandipDummyMaven.ScenarioTest"/>
  <testcase name="test11" time="0.001" classname="TestSandipDummyMaven.ScenarioTest"/>
  <testcase name="test2" time="0.001" classname="TestSandipDummyMaven.Scenario2Test"/>
  <testcase name="test21" time="0.001" classname="TestSandipDummyMaven.Scenario2Test"/>
</testsuite> <!-- Test -->
