<?xml version="1.0" encoding="UTF-8"?>
<!-- Generated by org.testng.reporters.JUnitXMLReporter -->
<testsuite hostname="DESKTOP-DSOBDDG" ignored="0" name="Command line test" tests="4" failures="0" timestamp="2021-04-30T15:16:46 IST" time="0.09" errors="0">
  <testcase name="test2" time="0.01" classname="TestSandipDummyMaven.Scenario2Test"/>
  <testcase name="test21" time="0.004" classname="TestSandipDummyMaven.Scenario2Test"/>
  <testcase name="test1" time="0.0" classname="TestSandipDummyMaven.ScenarioTest"/>
  <testcase name="test11" time="0.0" classname="TestSandipDummyMaven.ScenarioTest"/>
</testsuite> <!-- Command line test -->
