<?xml version="1.0" encoding="UTF-8"?>
<testng-results skipped="0" failed="0" ignored="0" total="4" passed="4">
  <reporter-output>
  </reporter-output>
  <suite name="Suite" duration-ms="88" started-at="2021-04-30T21:12:48 IST" finished-at="2021-04-30T21:12:48 IST">
    <groups>
    </groups>
    <test name="Test" duration-ms="88" started-at="2021-04-30T21:12:48 IST" finished-at="2021-04-30T21:12:48 IST">
      <class name="TestSandipDummyMaven.Scenario2Test">
        <test-method status="PASS" signature="test2()[pri:0, instance:TestSandipDummyMaven.Scenario2Test@419c5f1a]" name="test2" duration-ms="1" started-at="2021-04-30T21:12:48 IST" finished-at="2021-04-30T21:12:48 IST">
          <reporter-output>
          </reporter-output>
        </test-method> <!-- test2 -->
        <test-method status="PASS" signature="test21()[pri:0, instance:TestSandipDummyMaven.Scenario2Test@419c5f1a]" name="test21" duration-ms="1" started-at="2021-04-30T21:12:48 IST" finished-at="2021-04-30T21:12:48 IST">
          <reporter-output>
          </reporter-output>
        </test-method> <!-- test21 -->
      </class> <!-- TestSandipDummyMaven.Scenario2Test -->
      <class name="TestSandipDummyMaven.ScenarioTest">
        <test-method status="PASS" signature="test1()[pri:0, instance:TestSandipDummyMaven.ScenarioTest@56de5251]" name="test1" duration-ms="7" started-at="2021-04-30T21:12:48 IST" finished-at="2021-04-30T21:12:48 IST">
          <reporter-output>
          </reporter-output>
        </test-method> <!-- test1 -->
        <test-method status="PASS" signature="test11()[pri:0, instance:TestSandipDummyMaven.ScenarioTest@56de5251]" name="test11" duration-ms="1" started-at="2021-04-30T21:12:48 IST" finished-at="2021-04-30T21:12:48 IST">
          <reporter-output>
          </reporter-output>
        </test-method> <!-- test11 -->
      </class> <!-- TestSandipDummyMaven.ScenarioTest -->
    </test> <!-- Test -->
  </suite> <!-- Suite -->
</testng-results>
